<testsuites>
  <testsuite name="Metroit.Spreadsheet.Utilities.Core.Tests.dll" tests="8" skipped="0" failures="0" errors="0" time="0.972" timestamp="2025-02-26T07:33:33" hostname="DAIKO-B049" id="0" package="Metroit.Spreadsheet.Utilities.Core.Tests.dll">
    <properties />
    <testcase classname="Metroit.Spreadsheet.Utilities.Core.Tests.MetSsConvertTest" name="TestCase003" time="0.4370000" />
    <testcase classname="Metroit.Spreadsheet.Utilities.Core.Tests.MetSsConvertTest" name="TestCase004" time="0.0010000" />
    <testcase classname="Metroit.Spreadsheet.Utilities.Core.Tests.MetSsConvertTest" name="TestCase002" time="0.0010000" />
    <testcase classname="Metroit.Spreadsheet.Utilities.Core.Tests.MetSsConvertTest" name="TestCase005" time="0.0010000" />
    <testcase classname="Metroit.Spreadsheet.Utilities.Core.Tests.MetSsConvertTest" name="TestCase001" time="0.0080000" />
    <testcase classname="Metroit.Spreadsheet.Utilities.Core.XUnitTests.UnitTest1" name="A1形式の列文字列から列インデックスに変換する" time="0.5220000" />
    <testcase classname="Metroit.Spreadsheet.Utilities.Core.XUnitTests.UnitTest1" name="列インデックスからA1形式の列文字列に変換する" time="0.0010000" />
    <testcase classname="Metroit.Spreadsheet.Utilities.Core.XUnitTests.UnitTest1" name="R1C1形式の値からA1形式の文字列に変換する" time="0.0010000" />
    <system-out>
Test Framework Informational Messages:
[xUnit.net 00:00:00.00] xUnit.net VSTest Adapter v3.0.2+dd36e86129 (64-bit .NET Framework 4.8.9290.0)
[xUnit.net 00:00:02.05]   Discovering: Metroit.Spreadsheet.Utilities.Core.Tests
[xUnit.net 00:00:02.16]   Discovered:  Metroit.Spreadsheet.Utilities.Core.Tests
[xUnit.net 00:00:02.25]   Starting:    Metroit.Spreadsheet.Utilities.Core.Tests
[xUnit.net 00:00:04.97]   Finished:    Metroit.Spreadsheet.Utilities.Core.Tests
</system-out>
    <system-err></system-err>
  </testsuite>
</testsuites>